<?xml version="1.0" encoding="UTF-8"?>
<!-- Generated by org.testng.reporters.JUnitReportReporter -->
<testsuite skipped="0" hostname="Lenovo" name="Tests.Demo" tests="1" failures="0" timestamp="05 Jan 2020 17:46:35 GMT" time="10.772" errors="0">
  <testcase name="verifyLogin" time="10.772" classname="Tests.Demo"/>
</testsuite> <!-- Tests.Demo -->
