<?xml version="1.0" encoding="UTF-8"?>
<!-- Generated by org.testng.reporters.JUnitReportReporter -->
<testsuite skipped="0" hostname="Lenovo" name="Tests.Dresspagetest" tests="8" failures="0" timestamp="08 Jan 2020 22:30:54 GMT" time="51.788" errors="0">
  <testcase name="verifycart" time="8.552" classname="Tests.Dresspagetest"/>
  <testcase name="verifyProductCount" time="5.541" classname="Tests.Dresspagetest"/>
  <testcase name="verifyDesc" time="9.886" classname="Tests.Dresspagetest"/>
  <testcase name="verifyLSize" time="3.159" classname="Tests.Dresspagetest"/>
  <testcase name="verifyShare" time="9.120" classname="Tests.Dresspagetest"/>
  <testcase name="verifyTweet" time="7.961" classname="Tests.Dresspagetest"/>
  <testcase name="verifySSize" time="2.804" classname="Tests.Dresspagetest"/>
  <testcase name="verifyMSize" time="4.765" classname="Tests.Dresspagetest"/>
</testsuite> <!-- Tests.Dresspagetest -->
