<?xml version="1.0" encoding="UTF-8"?>
<!-- Generated by org.testng.reporters.JUnitReportReporter -->
<testsuite skipped="0" hostname="Lenovo" name="Tests.Loginpagetest" tests="7" failures="0" timestamp="08 Jan 2020 22:30:54 GMT" time="31.226" errors="0">
  <testcase name="verifyDress" time="3.135" classname="Tests.Loginpagetest"/>
  <testcase name="verifyDressTag" time="5.732" classname="Tests.Loginpagetest"/>
  <testcase name="verifyTshirtTag" time="4.603" classname="Tests.Loginpagetest"/>
  <testcase name="verifyWomen" time="3.193" classname="Tests.Loginpagetest"/>
  <testcase name="verifyTshirt" time="3.151" classname="Tests.Loginpagetest"/>
  <testcase name="verifyNewsLtr" time="8.926" classname="Tests.Loginpagetest"/>
  <testcase name="verifyWomenTag" time="2.486" classname="Tests.Loginpagetest"/>
</testsuite> <!-- Tests.Loginpagetest -->
