<?xml version="1.0" encoding="UTF-8"?>
<!-- Generated by org.testng.reporters.JUnitReportReporter -->
<testsuite skipped="0" hostname="Lenovo" name="Tests.Launch" tests="1" failures="0" timestamp="08 Jan 2020 20:45:41 GMT" time="23.351" errors="0">
  <testcase name="openGoogle" time="23.351" classname="Tests.Launch"/>
</testsuite> <!-- Tests.Launch -->
