<?xml version="1.0" encoding="UTF-8"?>
<!-- Generated by org.testng.reporters.JUnitReportReporter -->
<testsuite skipped="0" hostname="Lenovo" name="Tests.Launch" tests="1" failures="0" timestamp="05 Jan 2020 18:56:43 GMT" time="24.982" errors="0">
  <testcase name="openGoogle" time="24.982" classname="Tests.Launch"/>
</testsuite> <!-- Tests.Launch -->
